SF:labtasker/__init__.py
DA:1,1
DA:2,1
DA:4,1
LF:3
LH:3
end_of_record
SF:labtasker/cli/commands.py
DA:1,1
DA:2,1
DA:4,1
DA:6,1
DA:9,1
DA:10,1
DA:12,1
DA:16,1
DA:18,1
DA:20,1
DA:21,0
DA:23,0
DA:25,1
DA:26,1
DA:27,1
DA:28,1
DA:30,0
DA:34,1
DA:35,1
DA:40,1
DA:42,1
DA:43,1
DA:44,1
DA:45,1
DA:46,1
DA:47,0
DA:48,0
DA:51,1
DA:52,1
DA:57,1
DA:59,1
DA:60,1
DA:61,1
DA:62,1
DA:63,0
DA:74,1
DA:75,0
DA:76,0
DA:79,1
DA:80,1
DA:85,1
DA:86,1
DA:87,1
DA:88,1
DA:90,1
DA:91,1
DA:92,1
DA:93,1
DA:95,1
DA:101,1
DA:102,0
DA:104,1
DA:105,0
DA:106,0
DA:107,0
DA:108,0
DA:111,1
DA:112,1
DA:117,1
DA:122,1
DA:124,0
DA:125,0
DA:126,0
DA:127,0
DA:128,0
DA:129,0
DA:132,1
DA:133,1
DA:134,1
DA:135,1
DA:136,1
DA:137,1
DA:138,1
DA:140,1
DA:141,0
DA:142,0
DA:144,1
DA:145,1
DA:146,1
DA:147,1
DA:148,1
DA:149,1
DA:150,1
DA:151,0
DA:152,0
DA:153,0
DA:157,1
DA:158,1
DA:159,1
DA:160,1
DA:161,1
DA:164,1
DA:166,1
DA:167,0
LF:94
LH:69
FN:10,12,cli
FNDA:1,cli
FN:16,30,load_commands
FNDA:1,load_commands
FN:40,48,config
FNDA:1,config
FN:57,76,create_queue
FNDA:1,create_queue
FN:88,108,submit
FNDA:1,submit
FN:122,129,fetch
FNDA:0,fetch
FN:138,153,ls_tasks
FNDA:1,ls_tasks
FNF:7
FNH:6
end_of_record
SF:labtasker/client.py
DA:1,1
DA:2,1
DA:4,1
DA:5,1
DA:8,1
DA:9,1
DA:11,1
DA:12,1
DA:14,1
DA:16,1
DA:17,1
DA:18,1
DA:20,1
DA:21,0
DA:24,1
DA:25,1
DA:27,1
DA:29,1
DA:30,1
DA:32,1
DA:33,1
DA:34,1
DA:35,1
DA:36,1
DA:37,1
DA:38,1
DA:39,1
DA:41,1
DA:45,1
DA:46,1
DA:54,1
DA:55,1
DA:56,1
DA:57,1
DA:58,0
DA:59,1
DA:60,1
DA:61,1
DA:63,1
DA:67,1
DA:68,1
DA:74,1
DA:75,1
DA:76,1
DA:77,1
DA:78,0
DA:82,1
DA:83,0
DA:84,0
DA:86,1
DA:88,1
DA:89,1
DA:90,1
DA:91,1
DA:92,1
DA:93,0
DA:94,0
DA:96,1
DA:104,1
DA:105,1
DA:106,1
DA:107,1
DA:108,0
DA:109,1
DA:110,1
DA:111,1
DA:112,1
DA:114,1
DA:118,1
LF:69
LH:61
FN:9,25,Tasker.__init__
FNDA:1,Tasker.__init__
FN:27,39,Tasker.create_queue
FNDA:1,Tasker.create_queue
FN:41,61,Tasker.submit
FNDA:1,Tasker.submit
FN:63,84,Tasker.fetch
FNDA:1,Tasker.fetch
FN:86,94,Tasker._get
FNDA:1,Tasker._get
FN:96,118,Tasker.get_tasks
FNDA:1,Tasker.get_tasks
FNF:6
FNH:6
end_of_record
SF:labtasker/config.py
DA:1,1
DA:2,1
DA:4,1
DA:7,1
DA:8,1
DA:9,1
DA:10,0
DA:13,1
DA:14,1
DA:15,1
DA:16,1
DA:17,1
DA:20,1
DA:21,1
DA:24,1
DA:25,1
DA:28,1
DA:29,1
DA:30,1
DA:33,1
DA:36,1
DA:41,1
DA:42,0
DA:43,1
DA:44,0
DA:46,1
DA:47,1
DA:49,0
DA:50,0
DA:51,0
LF:30
LH:24
FN:8,44,ServerConfig.__init__
FNDA:1,ServerConfig.__init__
FN:47,51,ServerConfig.mongodb_uri
FNDA:0,ServerConfig.mongodb_uri
FNF:2
FNH:1
end_of_record
SF:labtasker/database.py
DA:1,1
DA:2,1
DA:3,1
DA:4,1
DA:6,1
DA:7,1
DA:8,1
DA:9,1
DA:10,1
DA:11,1
DA:18,1
DA:19,0
DA:22,1
DA:25,1
DA:28,1
DA:29,1
DA:30,1
DA:31,1
DA:32,1
DA:33,1
DA:34,1
DA:37,1
DA:38,1
DA:39,1
DA:40,1
DA:43,1
DA:44,1
DA:45,1
DA:46,1
DA:49,1
DA:52,1
DA:65,1
DA:66,1
DA:70,1
DA:71,1
DA:74,1
DA:77,1
DA:80,1
DA:86,1
DA:87,1
DA:91,0
DA:92,0
DA:95,0
DA:98,1
DA:99,1
DA:103,1
DA:105,1
DA:106,1
DA:108,1
DA:109,1
DA:110,1
DA:111,1
DA:113,0
DA:114,0
DA:116,0
DA:117,0
DA:118,0
DA:120,0
DA:121,0
DA:122,0
DA:123,0
DA:124,0
DA:126,1
DA:129,1
DA:131,1
DA:134,1
DA:136,1
DA:137,1
DA:138,1
DA:141,1
DA:143,1
DA:144,1
DA:148,1
DA:150,1
DA:152,1
DA:153,1
DA:155,1
DA:161,1
DA:162,1
DA:163,1
DA:164,1
DA:168,1
DA:169,1
DA:173,0
DA:174,0
DA:179,1
DA:192,1
DA:194,1
DA:195,1
DA:196,1
DA:199,1
DA:202,1
DA:203,0
DA:204,1
DA:205,1
DA:207,1
DA:208,1
DA:227,1
DA:228,1
DA:229,1
DA:230,1
DA:231,1
DA:236,1
DA:240,0
DA:241,0
DA:245,0
DA:246,0
DA:251,1
DA:260,1
DA:263,1
DA:264,1
DA:265,0
DA:268,1
DA:299,1
DA:301,1
DA:308,1
DA:310,1
DA:311,1
DA:312,0
DA:315,1
DA:317,1
DA:327,1
DA:328,1
DA:329,1
DA:334,1
DA:339,1
DA:340,1
DA:341,1
DA:342,1
DA:343,0
DA:344,0
DA:345,0
DA:346,0
DA:347,0
LF:134
LH:106
FN:66,74,TaskFSM.validate_transition
FNDA:1,TaskFSM.validate_transition
FN:87,95,WorkerFSM.validate_transition
FNDA:0,WorkerFSM.validate_transition
FN:99,124,DatabaseClient.__init__
FNDA:1,DatabaseClient.__init__
FN:126,146,DatabaseClient._setup_collections
FNDA:1,DatabaseClient._setup_collections
FN:148,177,DatabaseClient.create_queue
FNDA:1,DatabaseClient.create_queue
FN:179,249,DatabaseClient.submit_task
FNDA:1,DatabaseClient.submit_task
FN:251,299,DatabaseClient.fetch_task
FNDA:1,DatabaseClient.fetch_task
FN:301,332,DatabaseClient.update_task_status
FNDA:1,DatabaseClient.update_task_status
FN:334,347,DatabaseClient._parse_timeout
FNDA:1,DatabaseClient._parse_timeout
FNF:9
FNH:8
end_of_record
SF:labtasker/dependencies.py
DA:3,1
DA:4,1
DA:5,1
DA:7,1
DA:8,1
DA:9,1
DA:11,1
DA:12,1
DA:13,1
DA:16,1
DA:18,0
DA:19,0
DA:20,0
DA:23,1
DA:28,1
DA:29,1
DA:30,0
DA:31,1
DA:32,1
LF:19
LH:15
FN:16,20,get_db
FNDA:0,get_db
FN:23,36,verify_queue_auth
FNDA:1,verify_queue_auth
FNF:2
FNH:1
end_of_record
SF:labtasker/security.py
DA:1,1
DA:2,1
DA:3,1
DA:5,1
DA:6,1
DA:7,1
DA:9,1
DA:10,0
DA:13,1
DA:23,1
DA:24,1
DA:31,1
DA:32,1
DA:34,1
DA:50,1
DA:52,1
DA:53,1
DA:54,1
DA:58,1
DA:59,1
DA:60,1
DA:62,1
DA:72,1
DA:73,1
DA:74,1
DA:76,1
DA:80,1
DA:81,1
DA:82,0
DA:86,1
DA:87,1
DA:91,0
LF:32
LH:29
FN:24,32,SecurityManager.__init__
FNDA:1,SecurityManager.__init__
FN:34,60,SecurityManager.hash_password
FNDA:1,SecurityManager.hash_password
FN:62,74,SecurityManager.verify_password
FNDA:1,SecurityManager.verify_password
FN:76,91,SecurityManager.authenticate_queue
FNDA:1,SecurityManager.authenticate_queue
FNF:4
FNH:4
end_of_record
SF:labtasker/server.py
DA:1,1
DA:2,1
DA:4,1
DA:5,1
DA:6,1
DA:8,1
DA:9,1
DA:11,1
DA:14,1
DA:15,1
DA:17,0
DA:19,0
DA:20,0
DA:21,0
DA:22,0
DA:25,1
DA:26,1
DA:27,1
DA:30,1
DA:31,1
DA:32,1
DA:33,1
DA:34,1
DA:35,1
DA:36,1
DA:39,1
DA:40,1
DA:42,1
DA:43,1
DA:46,1
DA:47,1
DA:51,1
DA:52,1
DA:60,1
DA:61,1
DA:63,1
DA:66,1
DA:67,1
DA:74,1
DA:75,1
DA:76,0
DA:78,1
DA:85,1
DA:88,1
DA:89,1
DA:97,1
DA:103,1
DA:104,0
DA:105,1
DA:113,1
DA:114,1
DA:116,1
DA:124,1
DA:125,1
DA:132,1
DA:135,1
DA:136,1
DA:144,1
DA:145,0
DA:151,1
DA:152,0
DA:153,0
DA:154,0
DA:155,0
DA:156,1
DA:158,1
DA:159,1
DA:160,0
DA:161,1
DA:163,1
DA:164,1
DA:165,1
DA:166,1
DA:169,1
DA:172,1
DA:173,1
DA:175,1
DA:181,1
DA:182,0
DA:184,0
DA:185,0
LF:81
LH:65
FN:15,22,health_check
FNDA:0,health_check
FN:40,43,create_queue
FNDA:1,create_queue
FN:47,57,get_queue
FNDA:1,get_queue
FN:61,63,delete_queue
FNDA:1,delete_queue
FN:67,85,submit_task
FNDA:1,submit_task
FN:89,110,get_next_task
FNDA:1,get_next_task
FN:114,121,get_task
FNDA:1,get_task
FN:125,132,update_task_status
FNDA:1,update_task_status
FN:136,178,list_tasks
FNDA:1,list_tasks
FNF:9
FNH:8
end_of_record
